# JRE version: OpenJDK Runtime Environment (11.0.10) (build 11.0.10+0-b96-7249189)
# Java VM: OpenJDK 64-Bit Server VM (11.0.10+0-b96-7249189, mixed mode, tiered, compressed oops, g1 gc, windows-amd64)
Heap:
 garbage-first heap   total 129024K, used 37904K [0x0000000080000000, 0x0000000100000000)
  region size 1024K, 13 young (13312K), 9 survivors (9216K)
 Metaspace       used 43705K, capacity 44659K, committed 44880K, reserved 1087488K
  class space    used 5588K, capacity 5910K, committed 6016K, reserved 1048576K
GC Heap History (18 events):
Event: 1.510 GC heap before
{Heap before GC invocations=0 (full 0):
 garbage-first heap   total 129024K, used 20480K [0x0000000080000000, 0x0000000100000000)
  region size 1024K, 14 young (14336K), 0 survivors (0K)
 Metaspace       used 7598K, capacity 7799K, committed 7936K, reserved 1056768K
  class space    used 700K, capacity 748K, committed 768K, reserved 1048576K
}
Event: 1.516 GC heap after
{Heap after GC invocations=1 (full 0):
 garbage-first heap   total 129024K, used 8195K [0x0000000080000000, 0x0000000100000000)
  region size 1024K, 2 young (2048K), 2 survivors (2048K)
 Metaspace       used 7598K, capacity 7799K, committed 7936K, reserved 1056768K
  class space    used 700K, capacity 748K, committed 768K, reserved 1048576K
}
Event: 1.896 GC heap before
{Heap before GC invocations=1 (full 0):
 garbage-first heap   total 129024K, used 15363K [0x0000000080000000, 0x0000000100000000)
  region size 1024K, 9 young (9216K), 2 survivors (2048K)
 Metaspace       used 9720K, capacity 9940K, committed 10112K, reserved 1058816K
  class space    used 1002K, capacity 1060K, committed 1152K, reserved 1048576K
}
Event: 1.898 GC heap after
{Heap after GC invocations=2 (full 0):
 garbage-first heap   total 129024K, used 8744K [0x0000000080000000, 0x0000000100000000)
  region size 1024K, 1 young (1024K), 1 survivors (1024K)
 Metaspace       used 9720K, capacity 9940K, committed 10112K, reserved 1058816K
  class space    used 1002K, capacity 1060K, committed 1152K, reserved 1048576K
}
Event: 2.416 GC heap before
{Heap before GC invocations=2 (full 0):
 garbage-first heap   total 129024K, used 32296K [0x0000000080000000, 0x0000000100000000)
  region size 1024K, 25 young (25600K), 1 survivors (1024K)
 Metaspace       used 10627K, capacity 10829K, committed 11008K, reserved 1058816K
  class space    used 1103K, capacity 1164K, committed 1280K, reserved 1048576K
}
Event: 2.421 GC heap after
{Heap after GC invocations=3 (full 0):
 garbage-first heap   total 129024K, used 10255K [0x0000000080000000, 0x0000000100000000)
  region size 1024K, 3 young (3072K), 3 survivors (3072K)
 Metaspace       used 10627K, capacity 10829K, committed 11008K, reserved 1058816K
  class space    used 1103K, capacity 1164K, committed 1280K, reserved 1048576K
}
Event: 7.474 GC heap before
{Heap before GC invocations=3 (full 0):
 garbage-first heap   total 129024K, used 47119K [0x0000000080000000, 0x0000000100000000)
  region size 1024K, 39 young (39936K), 3 survivors (3072K)
 Metaspace       used 17412K, capacity 17916K, committed 18176K, reserved 1064960K
  class space    used 2041K, capacity 2196K, committed 2304K, reserved 1048576K
}
Event: 7.514 GC heap after
{Heap after GC invocations=4 (full 0):
 garbage-first heap   total 129024K, used 15591K [0x0000000080000000, 0x0000000100000000)
  region size 1024K, 5 young (5120K), 5 survivors (5120K)
 Metaspace       used 17412K, capacity 17916K, committed 18176K, reserved 1064960K
  class space    used 2041K, capacity 2196K, committed 2304K, reserved 1048576K
}
Event: 10.811 GC heap before
{Heap before GC invocations=4 (full 0):
 garbage-first heap   total 129024K, used 36071K [0x0000000080000000, 0x0000000100000000)
  region size 1024K, 26 young (26624K), 5 survivors (5120K)
 Metaspace       used 20720K, capacity 21110K, committed 21248K, reserved 1069056K
  class space    used 2424K, capacity 2541K, committed 2560K, reserved 1048576K
}
Event: 10.821 GC heap after
{Heap after GC invocations=5 (full 0):
 garbage-first heap   total 129024K, used 16437K [0x0000000080000000, 0x0000000100000000)
  region size 1024K, 6 young (6144K), 6 survivors (6144K)
 Metaspace       used 20720K, capacity 21110K, committed 21248K, reserved 1069056K
  class space    used 2424K, capacity 2541K, committed 2560K, reserved 1048576K
}
Event: 13.549 GC heap before
{Heap before GC invocations=6 (full 0):
 garbage-first heap   total 129024K, used 64565K [0x0000000080000000, 0x0000000100000000)
  region size 1024K, 53 young (54272K), 6 survivors (6144K)
 Metaspace       used 26512K, capacity 27171K, committed 27516K, reserved 1073152K
  class space    used 3382K, capacity 3586K, committed 3712K, reserved 1048576K
}
Event: 13.558 GC heap after
{Heap after GC invocations=7 (full 0):
 garbage-first heap   total 129024K, used 18205K [0x0000000080000000, 0x0000000100000000)
  region size 1024K, 3 young (3072K), 3 survivors (3072K)
 Metaspace       used 26512K, capacity 27171K, committed 27516K, reserved 1073152K
  class space    used 3382K, capacity 3586K, committed 3712K, reserved 1048576K
}
Event: 18.221 GC heap before
{Heap before GC invocations=7 (full 0):
 garbage-first heap   total 129024K, used 64285K [0x0000000080000000, 0x0000000100000000)
  region size 1024K, 49 young (50176K), 3 survivors (3072K)
 Metaspace       used 35223K, capacity 35911K, committed 36048K, reserved 1081344K
  class space    used 4491K, capacity 4777K, committed 4864K, reserved 1048576K
}
Event: 18.237 GC heap after
{Heap after GC invocations=8 (full 0):
 garbage-first heap   total 129024K, used 21605K [0x0000000080000000, 0x0000000100000000)
  region size 1024K, 6 young (6144K), 6 survivors (6144K)
 Metaspace       used 35223K, capacity 35911K, committed 36048K, reserved 1081344K
  class space    used 4491K, capacity 4777K, committed 4864K, reserved 1048576K
}
Event: 21.926 GC heap before
{Heap before GC invocations=9 (full 0):
 garbage-first heap   total 129024K, used 82021K [0x0000000080000000, 0x0000000100000000)
  region size 1024K, 63 young (64512K), 6 survivors (6144K)
 Metaspace       used 40535K, capacity 41406K, committed 41552K, reserved 1085440K
  class space    used 5182K, capacity 5492K, committed 5504K, reserved 1048576K
}
Event: 21.940 GC heap after
{Heap after GC invocations=10 (full 0):
 garbage-first heap   total 129024K, used 24826K [0x0000000080000000, 0x0000000100000000)
  region size 1024K, 7 young (7168K), 7 survivors (7168K)
 Metaspace       used 40535K, capacity 41406K, committed 41552K, reserved 1085440K
  class space    used 5182K, capacity 5492K, committed 5504K, reserved 1048576K
}
Event: 35.493 GC heap before
{Heap before GC invocations=10 (full 0):
 garbage-first heap   total 129024K, used 86266K [0x0000000080000000, 0x0000000100000000)
  region size 1024K, 65 young (66560K), 7 survivors (7168K)
 Metaspace       used 43521K, capacity 44493K, committed 44752K, reserved 1087488K
  class space    used 5560K, capacity 5877K, committed 5888K, reserved 1048576K
}
Event: 35.529 GC heap after
{Heap after GC invocations=11 (full 0):
 garbage-first heap   total 129024K, used 34832K [0x0000000080000000, 0x0000000100000000)
  region size 1024K, 9 young (9216K), 9 survivors (9216K)
 Metaspace       used 43521K, capacity 44493K, committed 44752K, reserved 1087488K
  class space    used 5560K, capacity 5877K, committed 5888K, reserved 1048576K
}

